...found 14 targets...
...updating 2 targets...
gcc.compile.c++ bin.v2/libs/regex/build/gcc-4.4.7/debug/has_icu_test.o
libs/regex/build/has_icu_test.cpp:12:30: error: unicode/uversion.h: No such file or directory
libs/regex/build/has_icu_test.cpp:13:28: error: unicode/utypes.h: No such file or directory
libs/regex/build/has_icu_test.cpp:14:27: error: unicode/uchar.h: No such file or directory
libs/regex/build/has_icu_test.cpp:15:26: error: unicode/coll.h: No such file or directory
libs/regex/build/has_icu_test.cpp: In function ‘int main()’:
libs/regex/build/has_icu_test.cpp:23: error: ‘UErrorCode’ was not declared in this scope
libs/regex/build/has_icu_test.cpp:23: error: expected ‘;’ before ‘err’
libs/regex/build/has_icu_test.cpp:24: error: ‘UChar32’ was not declared in this scope
libs/regex/build/has_icu_test.cpp:24: error: expected ‘;’ before ‘c’
libs/regex/build/has_icu_test.cpp:25: error: ‘err’ was not declared in this scope

    "g++"  -ftemplate-depth-128 -O0 -fno-inline -Wall -pedantic -g -fPIC  -DBOOST_ALL_NO_LIB=1 -DBOOST_HAS_ICU=1  -I"." -c -o "bin.v2/libs/regex/build/gcc-4.4.7/debug/has_icu_test.o" "libs/regex/build/has_icu_test.cpp"

...failed gcc.compile.c++ bin.v2/libs/regex/build/gcc-4.4.7/debug/has_icu_test.o...
...skipped <pbin.v2/libs/regex/build/gcc-4.4.7/debug>has_icu for lack of <pbin.v2/libs/regex/build/gcc-4.4.7/debug>has_icu_test.o...
...failed updating 1 target...
...skipped 1 target...
...found 7 targets...
...found 47 targets...
